<?xml version="1.0" encoding="UTF-8"?>
<testsuite name="md.your.assignment.api.PhrasesMatcherControllerTest" tests="3" skipped="0" failures="0" errors="0" timestamp="2016-02-23T09:16:08" hostname="martinborisov" time="0.663">
  <properties/>
  <testcase name="when_NoInputPassed_Then_ReturnBadRequest" classname="md.your.assignment.api.PhrasesMatcherControllerTest" time="0.543"/>
  <testcase name="when_SentenceWithNoneFoundedPhrasesIsPassed_Then_ReturnNoMatches" classname="md.your.assignment.api.PhrasesMatcherControllerTest" time="0.095"/>
  <testcase name="when_SentenceWithExistingPhrases_Then_ReturnMatchingPhrases" classname="md.your.assignment.api.PhrasesMatcherControllerTest" time="0.024"/>
  <system-out><![CDATA[11:16:07.068 [Test worker] DEBUG o.s.t.c.j.SpringJUnit4ClassRunner - SpringJUnit4ClassRunner constructor called with [class md.your.assignment.api.PhrasesMatcherControllerTest]
11:16:07.096 [Test worker] DEBUG o.s.test.context.BootstrapUtils - Instantiating CacheAwareContextLoaderDelegate from class [org.springframework.test.context.cache.DefaultCacheAwareContextLoaderDelegate]
11:16:07.107 [Test worker] DEBUG o.s.test.context.BootstrapUtils - Instantiating BootstrapContext using constructor [public org.springframework.test.context.support.DefaultBootstrapContext(java.lang.Class,org.springframework.test.context.CacheAwareContextLoaderDelegate)]
11:16:07.118 [Test worker] DEBUG o.s.test.context.BootstrapUtils - Instantiating TestContextBootstrapper for test class [md.your.assignment.api.PhrasesMatcherControllerTest] from class [org.springframework.test.context.support.DefaultTestContextBootstrapper]
11:16:07.138 [Test worker] DEBUG o.s.t.c.s.DefaultTestContextBootstrapper - Found explicit ContextLoader class [org.springframework.boot.test.SpringApplicationContextLoader] for context configuration attributes [ContextConfigurationAttributes@370a537f declaringClass = 'md.your.assignment.api.PhrasesMatcherControllerTest', classes = '{class md.your.assignment.App}', locations = '{}', inheritLocations = true, initializers = '{}', inheritInitializers = true, name = [null], contextLoaderClass = 'org.springframework.boot.test.SpringApplicationContextLoader']
11:16:07.146 [Test worker] DEBUG o.s.t.c.s.AbstractContextLoader - Did not detect default resource location for test class [md.your.assignment.api.PhrasesMatcherControllerTest]: class path resource [md/your/assignment/api/PhrasesMatcherControllerTest-context.xml] does not exist
11:16:07.146 [Test worker] DEBUG o.s.t.c.s.AbstractContextLoader - Did not detect default resource location for test class [md.your.assignment.api.PhrasesMatcherControllerTest]: class path resource [md/your/assignment/api/PhrasesMatcherControllerTestContext.groovy] does not exist
11:16:07.146 [Test worker] INFO  o.s.t.c.s.AbstractContextLoader - Could not detect default resource locations for test class [md.your.assignment.api.PhrasesMatcherControllerTest]: no resource found for suffixes {-context.xml, Context.groovy}.
11:16:07.149 [Test worker] DEBUG o.s.t.c.support.ActiveProfilesUtils - Could not find an 'annotation declaring class' for annotation type [org.springframework.test.context.ActiveProfiles] and class [md.your.assignment.api.PhrasesMatcherControllerTest]
11:16:07.152 [Test worker] DEBUG o.s.t.c.s.DefaultTestContextBootstrapper - @TestExecutionListeners is not present for class [md.your.assignment.api.PhrasesMatcherControllerTest]: using defaults.
11:16:07.159 [Test worker] INFO  o.s.t.c.s.DefaultTestContextBootstrapper - Loaded default TestExecutionListener class names from location [META-INF/spring.factories]: [org.springframework.test.context.web.ServletTestExecutionListener, org.springframework.test.context.support.DirtiesContextBeforeModesTestExecutionListener, org.springframework.test.context.support.DependencyInjectionTestExecutionListener, org.springframework.test.context.support.DirtiesContextTestExecutionListener, org.springframework.test.context.transaction.TransactionalTestExecutionListener, org.springframework.test.context.jdbc.SqlScriptsTestExecutionListener]
11:16:07.167 [Test worker] INFO  o.s.t.c.s.DefaultTestContextBootstrapper - Could not instantiate TestExecutionListener [org.springframework.test.context.transaction.TransactionalTestExecutionListener]. Specify custom listener classes or make the default listener classes (and their required dependencies) available. Offending class: [org/springframework/transaction/interceptor/TransactionAttributeSource]
11:16:07.168 [Test worker] INFO  o.s.t.c.s.DefaultTestContextBootstrapper - Could not instantiate TestExecutionListener [org.springframework.test.context.jdbc.SqlScriptsTestExecutionListener]. Specify custom listener classes or make the default listener classes (and their required dependencies) available. Offending class: [org/springframework/transaction/interceptor/TransactionAttribute]
11:16:07.172 [Test worker] INFO  o.s.t.c.s.DefaultTestContextBootstrapper - Using TestExecutionListeners: [org.springframework.test.context.web.ServletTestExecutionListener@34f24816, org.springframework.test.context.support.DirtiesContextBeforeModesTestExecutionListener@6fff72a7, org.springframework.test.context.support.DependencyInjectionTestExecutionListener@529306f, org.springframework.test.context.support.DirtiesContextTestExecutionListener@63f1e68f]
11:16:07.177 [Test worker] DEBUG o.s.t.annotation.ProfileValueUtils - Retrieved @ProfileValueSourceConfiguration [null] for test class [md.your.assignment.api.PhrasesMatcherControllerTest]
11:16:07.178 [Test worker] DEBUG o.s.t.annotation.ProfileValueUtils - Retrieved ProfileValueSource type [class org.springframework.test.annotation.SystemProfileValueSource] for class [md.your.assignment.api.PhrasesMatcherControllerTest]
11:16:07.182 [Test worker] DEBUG o.s.t.annotation.ProfileValueUtils - Retrieved @ProfileValueSourceConfiguration [null] for test class [md.your.assignment.api.PhrasesMatcherControllerTest]
11:16:07.182 [Test worker] DEBUG o.s.t.annotation.ProfileValueUtils - Retrieved ProfileValueSource type [class org.springframework.test.annotation.SystemProfileValueSource] for class [md.your.assignment.api.PhrasesMatcherControllerTest]
11:16:07.183 [Test worker] DEBUG o.s.t.annotation.ProfileValueUtils - Retrieved @ProfileValueSourceConfiguration [null] for test class [md.your.assignment.api.PhrasesMatcherControllerTest]
11:16:07.183 [Test worker] DEBUG o.s.t.annotation.ProfileValueUtils - Retrieved ProfileValueSource type [class org.springframework.test.annotation.SystemProfileValueSource] for class [md.your.assignment.api.PhrasesMatcherControllerTest]
11:16:07.190 [Test worker] DEBUG o.s.t.c.s.AbstractDirtiesContextTestExecutionListener - Before test class: context [DefaultTestContext@74600fb2 testClass = PhrasesMatcherControllerTest, testInstance = [null], testMethod = [null], testException = [null], mergedContextConfiguration = [MergedContextConfiguration@378aa8ba testClass = PhrasesMatcherControllerTest, locations = '{}', classes = '{class md.your.assignment.App}', contextInitializerClasses = '[]', activeProfiles = '{}', propertySourceLocations = '{}', propertySourceProperties = '{}', contextLoader = 'org.springframework.boot.test.SpringApplicationContextLoader', parent = [null]]], class annotated with @DirtiesContext [false] with mode [null].
11:16:07.191 [Test worker] DEBUG o.s.t.annotation.ProfileValueUtils - Retrieved @ProfileValueSourceConfiguration [null] for test class [md.your.assignment.api.PhrasesMatcherControllerTest]
11:16:07.191 [Test worker] DEBUG o.s.t.annotation.ProfileValueUtils - Retrieved ProfileValueSource type [class org.springframework.test.annotation.SystemProfileValueSource] for class [md.your.assignment.api.PhrasesMatcherControllerTest]
11:16:07.194 [Test worker] DEBUG o.s.t.c.s.DependencyInjectionTestExecutionListener - Performing dependency injection for test context [[DefaultTestContext@74600fb2 testClass = PhrasesMatcherControllerTest, testInstance = md.your.assignment.api.PhrasesMatcherControllerTest@7e7958e6, testMethod = [null], testException = [null], mergedContextConfiguration = [MergedContextConfiguration@378aa8ba testClass = PhrasesMatcherControllerTest, locations = '{}', classes = '{class md.your.assignment.App}', contextInitializerClasses = '[]', activeProfiles = '{}', propertySourceLocations = '{}', propertySourceProperties = '{}', contextLoader = 'org.springframework.boot.test.SpringApplicationContextLoader', parent = [null]]]].
11:16:07.280 [Test worker] DEBUG o.s.core.env.StandardEnvironment - Adding [systemProperties] PropertySource with lowest search precedence
11:16:07.283 [Test worker] DEBUG o.s.core.env.StandardEnvironment - Adding [systemEnvironment] PropertySource with lowest search precedence
11:16:07.284 [Test worker] DEBUG o.s.core.env.StandardEnvironment - Initialized StandardEnvironment with PropertySources [systemProperties,systemEnvironment]
11:16:07.287 [Test worker] DEBUG o.s.core.env.StandardEnvironment - Adding [integrationTest] PropertySource with search precedence immediately lower than [systemEnvironment]

  .   ____          _            __ _ _
 /\\ / ___'_ __ _ _(_)_ __  __ _ \ \ \ \
( ( )\___ | '_ | '_| | '_ \/ _` | \ \ \ \
 \\/  ___)| |_)| | | | | || (_| |  ) ) ) )
  '  |____| .__|_| |_|_| |_\__, | / / / /
 =========|_|==============|___/=/_/_/_/
 :: Spring Boot ::        (v1.3.2.RELEASE)

2016-02-23 11:16:07.602  INFO 50328 --- [    Test worker] m.y.a.api.PhrasesMatcherControllerTest   : Starting PhrasesMatcherControllerTest on martinborisov with PID 50328 (D:\Workspace\PhraseMatcher\build\classes\test started by martin.borisov in D:\Workspace\PhraseMatcher)
2016-02-23 11:16:07.603  INFO 50328 --- [    Test worker] m.y.a.api.PhrasesMatcherControllerTest   : No active profile set, falling back to default profiles: default
2016-02-23 11:16:07.640  INFO 50328 --- [    Test worker] s.c.a.AnnotationConfigApplicationContext : Refreshing org.springframework.context.annotation.AnnotationConfigApplicationContext@7a8c3434: startup date [Tue Feb 23 11:16:07 EET 2016]; root of context hierarchy
Some error occurs while reading dictionary file. class path resource [phrases] cannot be resolved to URL because it does not exist
2016-02-23 11:16:08.965  INFO 50328 --- [    Test worker] m.y.a.api.PhrasesMatcherControllerTest   : Started PhrasesMatcherControllerTest in 1.674 seconds (JVM running for 2.91)
2016-02-23 11:16:09.264  INFO 50328 --- [    Test worker] ilder$StaticRequestMappingHandlerMapping : Mapped "{[/api/phrases/match]}" onto public java.util.Set<java.lang.String> md.your.assignment.api.PhrasesMatcherController.getMatchedPhrases(java.lang.String)
2016-02-23 11:16:09.295  INFO 50328 --- [    Test worker] s.w.s.m.m.a.RequestMappingHandlerAdapter : Looking for @ControllerAdvice: org.springframework.test.web.servlet.setup.StubWebApplicationContext@28d47238
2016-02-23 11:16:09.359  INFO 50328 --- [    Test worker] o.s.mock.web.MockServletContext          : Initializing Spring FrameworkServlet ''
2016-02-23 11:16:09.360  INFO 50328 --- [    Test worker] o.s.t.web.servlet.TestDispatcherServlet  : FrameworkServlet '': initialization started
2016-02-23 11:16:09.363  INFO 50328 --- [    Test worker] o.s.t.web.servlet.TestDispatcherServlet  : FrameworkServlet '': initialization completed in 3 ms
2016-02-23 11:16:09.518  INFO 50328 --- [    Test worker] ilder$StaticRequestMappingHandlerMapping : Mapped "{[/api/phrases/match]}" onto public java.util.Set<java.lang.String> md.your.assignment.api.PhrasesMatcherController.getMatchedPhrases(java.lang.String)
2016-02-23 11:16:09.535  INFO 50328 --- [    Test worker] s.w.s.m.m.a.RequestMappingHandlerAdapter : Looking for @ControllerAdvice: org.springframework.test.web.servlet.setup.StubWebApplicationContext@325e9855
2016-02-23 11:16:09.541  INFO 50328 --- [    Test worker] o.s.mock.web.MockServletContext          : Initializing Spring FrameworkServlet ''
2016-02-23 11:16:09.541  INFO 50328 --- [    Test worker] o.s.t.web.servlet.TestDispatcherServlet  : FrameworkServlet '': initialization started
2016-02-23 11:16:09.541  INFO 50328 --- [    Test worker] o.s.t.web.servlet.TestDispatcherServlet  : FrameworkServlet '': initialization completed in 0 ms
2016-02-23 11:16:09.612  INFO 50328 --- [    Test worker] ilder$StaticRequestMappingHandlerMapping : Mapped "{[/api/phrases/match]}" onto public java.util.Set<java.lang.String> md.your.assignment.api.PhrasesMatcherController.getMatchedPhrases(java.lang.String)
2016-02-23 11:16:09.622  INFO 50328 --- [    Test worker] s.w.s.m.m.a.RequestMappingHandlerAdapter : Looking for @ControllerAdvice: org.springframework.test.web.servlet.setup.StubWebApplicationContext@2a97b939
2016-02-23 11:16:09.626  INFO 50328 --- [    Test worker] o.s.mock.web.MockServletContext          : Initializing Spring FrameworkServlet ''
2016-02-23 11:16:09.626  INFO 50328 --- [    Test worker] o.s.t.web.servlet.TestDispatcherServlet  : FrameworkServlet '': initialization started
2016-02-23 11:16:09.627  INFO 50328 --- [    Test worker] o.s.t.web.servlet.TestDispatcherServlet  : FrameworkServlet '': initialization completed in 0 ms
]]></system-out>
  <system-err><![CDATA[]]></system-err>
</testsuite>
